CRITICAL - 2023-09-25 11:39:46 --> Too few arguments to function App\Models\HomeModel::verifPassword(), 1 passed in C:\wamp64\www\gsb2sio\app\Controllers\Home.php on line 30 and exactly 2 expected
in APPPATH\Models\HomeModel.php on line 43.
 1 APPPATH\Controllers\Home.php(30): App\Models\HomeModel::verifPassword('oppg5')
 2 SYSTEMPATH\CodeIgniter.php(919): App\Controllers\Home->login()
 3 SYSTEMPATH\CodeIgniter.php(494): CodeIgniter\CodeIgniter->runController(Object(App\Controllers\Home))
 4 SYSTEMPATH\CodeIgniter.php(353): CodeIgniter\CodeIgniter->handleRequest(null, Object(Config\Cache), false)
 5 FCPATH\index.php(79): CodeIgniter\CodeIgniter->run()
CRITICAL - 2023-09-25 11:40:49 --> SQLSTATE[42S22]: Column not found: 1054 Unknown column 'dandre' in 'where clause'
in APPPATH\Models\HomeModel.php on line 46.
 1 APPPATH\Models\HomeModel.php(46): PDOStatement->execute([...])
 2 APPPATH\Controllers\Home.php(30): App\Models\HomeModel::verifPassword('oppg5', 'dandre')
 3 SYSTEMPATH\CodeIgniter.php(919): App\Controllers\Home->login()
 4 SYSTEMPATH\CodeIgniter.php(494): CodeIgniter\CodeIgniter->runController(Object(App\Controllers\Home))
 5 SYSTEMPATH\CodeIgniter.php(353): CodeIgniter\CodeIgniter->handleRequest(null, Object(Config\Cache), false)
 6 FCPATH\index.php(79): CodeIgniter\CodeIgniter->run()
CRITICAL - 2023-09-25 11:47:38 --> session_start(): Ignoring session_start() because a session is already active
in APPPATH\Views\Selection\selection.php on line 4.
 1 [internal function]: CodeIgniter\Debug\Exceptions->errorHandler(8, 'session_start(): Ignoring session_start() because a session is already active', 'C:\\wamp64\\www\\gsb2sio\\app\\Views\\Selection\\selection.php', 4)
 2 APPPATH\Views\Selection\selection.php(4): session_start()
 3 SYSTEMPATH\View\View.php(226): include('C:\\wamp64\\www\\gsb2sio\\app\\Views\\Selection\\selection.php')
 4 SYSTEMPATH\View\View.php(229): CodeIgniter\View\View->CodeIgniter\View\{closure}()
 5 SYSTEMPATH\Common.php(1188): CodeIgniter\View\View->render('Selection/selection', [], true)
 6 APPPATH\Controllers\Home.php(41): view('Selection/selection')
 7 SYSTEMPATH\CodeIgniter.php(919): App\Controllers\Home->selectionMois()
 8 SYSTEMPATH\CodeIgniter.php(494): CodeIgniter\CodeIgniter->runController(Object(App\Controllers\Home))
 9 SYSTEMPATH\CodeIgniter.php(353): CodeIgniter\CodeIgniter->handleRequest(null, Object(Config\Cache), false)
10 FCPATH\index.php(79): CodeIgniter\CodeIgniter->run()
CRITICAL - 2023-09-25 11:48:09 --> Undefined variable $mois
in APPPATH\Views\Selection\selection.php on line 27.
 1 APPPATH\Views\Selection\selection.php(27): CodeIgniter\Debug\Exceptions->errorHandler(2, 'Undefined variable $mois', 'C:\\wamp64\\www\\gsb2sio\\app\\Views\\Selection\\selection.php', 27)
 2 SYSTEMPATH\View\View.php(226): include('C:\\wamp64\\www\\gsb2sio\\app\\Views\\Selection\\selection.php')
 3 SYSTEMPATH\View\View.php(229): CodeIgniter\View\View->CodeIgniter\View\{closure}()
 4 SYSTEMPATH\Common.php(1188): CodeIgniter\View\View->render('Selection/selection', [], true)
 5 APPPATH\Controllers\Home.php(41): view('Selection/selection')
 6 SYSTEMPATH\CodeIgniter.php(919): App\Controllers\Home->selectionMois()
 7 SYSTEMPATH\CodeIgniter.php(494): CodeIgniter\CodeIgniter->runController(Object(App\Controllers\Home))
 8 SYSTEMPATH\CodeIgniter.php(353): CodeIgniter\CodeIgniter->handleRequest(null, Object(Config\Cache), false)
 9 FCPATH\index.php(79): CodeIgniter\CodeIgniter->run()
CRITICAL - 2023-09-25 11:48:20 --> Undefined variable $mois
in APPPATH\Views\Selection\selection.php on line 27.
 1 APPPATH\Views\Selection\selection.php(27): CodeIgniter\Debug\Exceptions->errorHandler(2, 'Undefined variable $mois', 'C:\\wamp64\\www\\gsb2sio\\app\\Views\\Selection\\selection.php', 27)
 2 SYSTEMPATH\View\View.php(226): include('C:\\wamp64\\www\\gsb2sio\\app\\Views\\Selection\\selection.php')
 3 SYSTEMPATH\View\View.php(229): CodeIgniter\View\View->CodeIgniter\View\{closure}()
 4 SYSTEMPATH\Common.php(1188): CodeIgniter\View\View->render('Selection/selection', [], true)
 5 APPPATH\Controllers\Home.php(41): view('Selection/selection')
 6 SYSTEMPATH\CodeIgniter.php(919): App\Controllers\Home->selectionMois()
 7 SYSTEMPATH\CodeIgniter.php(494): CodeIgniter\CodeIgniter->runController(Object(App\Controllers\Home))
 8 SYSTEMPATH\CodeIgniter.php(353): CodeIgniter\CodeIgniter->handleRequest(null, Object(Config\Cache), false)
 9 FCPATH\index.php(79): CodeIgniter\CodeIgniter->run()
CRITICAL - 2023-09-25 13:48:49 --> SQLSTATE[23000]: Integrity constraint violation: 1062 Duplicate entry 'a17-9-ETP' for key 'lignefraisforfait.PRIMARY'
in APPPATH\Models\HomeModel.php on line 163.
 1 APPPATH\Models\HomeModel.php(163): PDOStatement->execute([])
 2 APPPATH\Controllers\Home.php(279): App\Models\HomeModel::nouveauFraisForfait('a17', '9', 'ETP', '1', '2023-09-25 13:48:49')
 3 SYSTEMPATH\CodeIgniter.php(919): App\Controllers\Home::nouvelleFicheForfait()
 4 SYSTEMPATH\CodeIgniter.php(494): CodeIgniter\CodeIgniter->runController(Object(App\Controllers\Home))
 5 SYSTEMPATH\CodeIgniter.php(353): CodeIgniter\CodeIgniter->handleRequest(null, Object(Config\Cache), false)
 6 FCPATH\index.php(79): CodeIgniter\CodeIgniter->run()
CRITICAL - 2023-09-25 13:49:25 --> SQLSTATE[23000]: Integrity constraint violation: 1062 Duplicate entry 'a17-9-ETP' for key 'lignefraisforfait.PRIMARY'
in APPPATH\Models\HomeModel.php on line 163.
 1 APPPATH\Models\HomeModel.php(163): PDOStatement->execute([])
 2 APPPATH\Controllers\Home.php(279): App\Models\HomeModel::nouveauFraisForfait('a17', '9', 'ETP', '1', '2023-09-25 13:49:25')
 3 SYSTEMPATH\CodeIgniter.php(919): App\Controllers\Home::nouvelleFicheForfait()
 4 SYSTEMPATH\CodeIgniter.php(494): CodeIgniter\CodeIgniter->runController(Object(App\Controllers\Home))
 5 SYSTEMPATH\CodeIgniter.php(353): CodeIgniter\CodeIgniter->handleRequest(null, Object(Config\Cache), false)
 6 FCPATH\index.php(79): CodeIgniter\CodeIgniter->run()
