CRITICAL - 2023-09-11 11:26:20 --> You must set the database table to be used with your query.
in SYSTEMPATH\Database\BaseConnection.php on line 883.
 1 SYSTEMPATH\Model.php(635): CodeIgniter\Database\BaseConnection->table(null)
 2 SYSTEMPATH\Model.php(230): CodeIgniter\Model->builder()
 3 SYSTEMPATH\BaseModel.php(624): CodeIgniter\Model->doFindAll(0, 0)
 4 APPPATH\Controllers\Home.php(14): CodeIgniter\BaseModel->findAll()
 5 SYSTEMPATH\CodeIgniter.php(919): App\Controllers\Home->index()
 6 SYSTEMPATH\CodeIgniter.php(494): CodeIgniter\CodeIgniter->runController(Object(App\Controllers\Home))
 7 SYSTEMPATH\CodeIgniter.php(353): CodeIgniter\CodeIgniter->handleRequest(null, Object(Config\Cache), false)
 8 FCPATH\index.php(79): CodeIgniter\CodeIgniter->run()
CRITICAL - 2023-09-11 11:27:16 --> You must set the database table to be used with your query.
in SYSTEMPATH\Database\BaseConnection.php on line 883.
 1 SYSTEMPATH\Model.php(635): CodeIgniter\Database\BaseConnection->table(null)
 2 SYSTEMPATH\Model.php(230): CodeIgniter\Model->builder()
 3 SYSTEMPATH\BaseModel.php(624): CodeIgniter\Model->doFindAll(0, 0)
 4 APPPATH\Controllers\Home.php(14): CodeIgniter\BaseModel->findAll()
 5 SYSTEMPATH\CodeIgniter.php(919): App\Controllers\Home->index()
 6 SYSTEMPATH\CodeIgniter.php(494): CodeIgniter\CodeIgniter->runController(Object(App\Controllers\Home))
 7 SYSTEMPATH\CodeIgniter.php(353): CodeIgniter\CodeIgniter->handleRequest(null, Object(Config\Cache), false)
 8 FCPATH\index.php(79): CodeIgniter\CodeIgniter->run()
CRITICAL - 2023-09-11 11:27:21 --> You must set the database table to be used with your query.
in SYSTEMPATH\Database\BaseConnection.php on line 883.
 1 SYSTEMPATH\Model.php(635): CodeIgniter\Database\BaseConnection->table(null)
 2 SYSTEMPATH\Model.php(230): CodeIgniter\Model->builder()
 3 SYSTEMPATH\BaseModel.php(624): CodeIgniter\Model->doFindAll(0, 0)
 4 APPPATH\Controllers\Home.php(14): CodeIgniter\BaseModel->findAll()
 5 SYSTEMPATH\CodeIgniter.php(919): App\Controllers\Home->index()
 6 SYSTEMPATH\CodeIgniter.php(494): CodeIgniter\CodeIgniter->runController(Object(App\Controllers\Home))
 7 SYSTEMPATH\CodeIgniter.php(353): CodeIgniter\CodeIgniter->handleRequest(null, Object(Config\Cache), false)
 8 FCPATH\index.php(79): CodeIgniter\CodeIgniter->run()
CRITICAL - 2023-09-11 11:27:56 --> You must set the database table to be used with your query.
in SYSTEMPATH\Database\BaseConnection.php on line 883.
 1 SYSTEMPATH\Model.php(635): CodeIgniter\Database\BaseConnection->table(null)
 2 SYSTEMPATH\Model.php(230): CodeIgniter\Model->builder()
 3 SYSTEMPATH\BaseModel.php(624): CodeIgniter\Model->doFindAll(0, 0)
 4 APPPATH\Controllers\Home.php(14): CodeIgniter\BaseModel->findAll()
 5 SYSTEMPATH\CodeIgniter.php(919): App\Controllers\Home->index()
 6 SYSTEMPATH\CodeIgniter.php(494): CodeIgniter\CodeIgniter->runController(Object(App\Controllers\Home))
 7 SYSTEMPATH\CodeIgniter.php(353): CodeIgniter\CodeIgniter->handleRequest(null, Object(Config\Cache), false)
 8 FCPATH\index.php(79): CodeIgniter\CodeIgniter->run()
CRITICAL - 2023-09-11 11:28:30 --> You must set the database table to be used with your query.
in SYSTEMPATH\Database\BaseConnection.php on line 883.
 1 SYSTEMPATH\Model.php(635): CodeIgniter\Database\BaseConnection->table(null)
 2 SYSTEMPATH\Model.php(230): CodeIgniter\Model->builder()
 3 SYSTEMPATH\BaseModel.php(624): CodeIgniter\Model->doFindAll(0, 0)
 4 APPPATH\Controllers\Home.php(14): CodeIgniter\BaseModel->findAll()
 5 SYSTEMPATH\CodeIgniter.php(919): App\Controllers\Home->index()
 6 SYSTEMPATH\CodeIgniter.php(494): CodeIgniter\CodeIgniter->runController(Object(App\Controllers\Home))
 7 SYSTEMPATH\CodeIgniter.php(353): CodeIgniter\CodeIgniter->handleRequest(null, Object(Config\Cache), false)
 8 FCPATH\index.php(79): CodeIgniter\CodeIgniter->run()
CRITICAL - 2023-09-11 11:31:53 --> You must set the database table to be used with your query.
in SYSTEMPATH\Database\BaseConnection.php on line 883.
 1 SYSTEMPATH\Model.php(635): CodeIgniter\Database\BaseConnection->table(null)
 2 SYSTEMPATH\Model.php(230): CodeIgniter\Model->builder()
 3 SYSTEMPATH\BaseModel.php(624): CodeIgniter\Model->doFindAll(0, 0)
 4 APPPATH\Controllers\Home.php(14): CodeIgniter\BaseModel->findAll()
 5 SYSTEMPATH\CodeIgniter.php(919): App\Controllers\Home->index()
 6 SYSTEMPATH\CodeIgniter.php(494): CodeIgniter\CodeIgniter->runController(Object(App\Controllers\Home))
 7 SYSTEMPATH\CodeIgniter.php(353): CodeIgniter\CodeIgniter->handleRequest(null, Object(Config\Cache), false)
 8 FCPATH\index.php(79): CodeIgniter\CodeIgniter->run()
CRITICAL - 2023-09-11 11:32:05 --> You must set the database table to be used with your query.
in SYSTEMPATH\Database\BaseConnection.php on line 883.
 1 SYSTEMPATH\Model.php(635): CodeIgniter\Database\BaseConnection->table(null)
 2 SYSTEMPATH\Model.php(230): CodeIgniter\Model->builder()
 3 SYSTEMPATH\BaseModel.php(624): CodeIgniter\Model->doFindAll(0, 0)
 4 APPPATH\Controllers\Home.php(14): CodeIgniter\BaseModel->findAll()
 5 SYSTEMPATH\CodeIgniter.php(919): App\Controllers\Home->index()
 6 SYSTEMPATH\CodeIgniter.php(494): CodeIgniter\CodeIgniter->runController(Object(App\Controllers\Home))
 7 SYSTEMPATH\CodeIgniter.php(353): CodeIgniter\CodeIgniter->handleRequest(null, Object(Config\Cache), false)
 8 FCPATH\index.php(79): CodeIgniter\CodeIgniter->run()
CRITICAL - 2023-09-11 11:32:38 --> You must set the database table to be used with your query.
in SYSTEMPATH\Database\BaseConnection.php on line 883.
 1 SYSTEMPATH\Model.php(635): CodeIgniter\Database\BaseConnection->table(null)
 2 SYSTEMPATH\Model.php(230): CodeIgniter\Model->builder()
 3 SYSTEMPATH\BaseModel.php(624): CodeIgniter\Model->doFindAll(0, 0)
 4 APPPATH\Controllers\Home.php(14): CodeIgniter\BaseModel->findAll()
 5 SYSTEMPATH\CodeIgniter.php(919): App\Controllers\Home->index()
 6 SYSTEMPATH\CodeIgniter.php(494): CodeIgniter\CodeIgniter->runController(Object(App\Controllers\Home))
 7 SYSTEMPATH\CodeIgniter.php(353): CodeIgniter\CodeIgniter->handleRequest(null, Object(Config\Cache), false)
 8 FCPATH\index.php(79): CodeIgniter\CodeIgniter->run()
CRITICAL - 2023-09-11 11:32:50 --> You must set the database table to be used with your query.
in SYSTEMPATH\Database\BaseConnection.php on line 883.
 1 SYSTEMPATH\Model.php(635): CodeIgniter\Database\BaseConnection->table(null)
 2 SYSTEMPATH\Model.php(230): CodeIgniter\Model->builder()
 3 SYSTEMPATH\BaseModel.php(624): CodeIgniter\Model->doFindAll(0, 0)
 4 APPPATH\Controllers\Home.php(14): CodeIgniter\BaseModel->findAll()
 5 SYSTEMPATH\CodeIgniter.php(919): App\Controllers\Home->index()
 6 SYSTEMPATH\CodeIgniter.php(494): CodeIgniter\CodeIgniter->runController(Object(App\Controllers\Home))
 7 SYSTEMPATH\CodeIgniter.php(353): CodeIgniter\CodeIgniter->handleRequest(null, Object(Config\Cache), false)
 8 FCPATH\index.php(79): CodeIgniter\CodeIgniter->run()
CRITICAL - 2023-09-11 11:32:57 --> You must set the database table to be used with your query.
in SYSTEMPATH\Database\BaseConnection.php on line 883.
 1 SYSTEMPATH\Model.php(635): CodeIgniter\Database\BaseConnection->table(null)
 2 SYSTEMPATH\Model.php(230): CodeIgniter\Model->builder()
 3 SYSTEMPATH\BaseModel.php(624): CodeIgniter\Model->doFindAll(0, 0)
 4 APPPATH\Controllers\Home.php(14): CodeIgniter\BaseModel->findAll()
 5 SYSTEMPATH\CodeIgniter.php(919): App\Controllers\Home->index()
 6 SYSTEMPATH\CodeIgniter.php(494): CodeIgniter\CodeIgniter->runController(Object(App\Controllers\Home))
 7 SYSTEMPATH\CodeIgniter.php(353): CodeIgniter\CodeIgniter->handleRequest(null, Object(Config\Cache), false)
 8 FCPATH\index.php(79): CodeIgniter\CodeIgniter->run()
CRITICAL - 2023-09-11 11:32:58 --> You must set the database table to be used with your query.
in SYSTEMPATH\Database\BaseConnection.php on line 883.
 1 SYSTEMPATH\Model.php(635): CodeIgniter\Database\BaseConnection->table(null)
 2 SYSTEMPATH\Model.php(230): CodeIgniter\Model->builder()
 3 SYSTEMPATH\BaseModel.php(624): CodeIgniter\Model->doFindAll(0, 0)
 4 APPPATH\Controllers\Home.php(14): CodeIgniter\BaseModel->findAll()
 5 SYSTEMPATH\CodeIgniter.php(919): App\Controllers\Home->index()
 6 SYSTEMPATH\CodeIgniter.php(494): CodeIgniter\CodeIgniter->runController(Object(App\Controllers\Home))
 7 SYSTEMPATH\CodeIgniter.php(353): CodeIgniter\CodeIgniter->handleRequest(null, Object(Config\Cache), false)
 8 FCPATH\index.php(79): CodeIgniter\CodeIgniter->run()
CRITICAL - 2023-09-11 11:33:16 --> You must set the database table to be used with your query.
in SYSTEMPATH\Database\BaseConnection.php on line 883.
 1 SYSTEMPATH\Model.php(635): CodeIgniter\Database\BaseConnection->table(null)
 2 SYSTEMPATH\Model.php(230): CodeIgniter\Model->builder()
 3 SYSTEMPATH\BaseModel.php(624): CodeIgniter\Model->doFindAll(0, 0)
 4 APPPATH\Controllers\Home.php(14): CodeIgniter\BaseModel->findAll()
 5 SYSTEMPATH\CodeIgniter.php(919): App\Controllers\Home->index()
 6 SYSTEMPATH\CodeIgniter.php(494): CodeIgniter\CodeIgniter->runController(Object(App\Controllers\Home))
 7 SYSTEMPATH\CodeIgniter.php(353): CodeIgniter\CodeIgniter->handleRequest(null, Object(Config\Cache), false)
 8 FCPATH\index.php(79): CodeIgniter\CodeIgniter->run()
CRITICAL - 2023-09-11 11:46:20 --> Class "HomeModel" not found
in APPPATH\Views\Login\login.php on line 10.
 1 SYSTEMPATH\View\View.php(226): include()
 2 SYSTEMPATH\View\View.php(229): CodeIgniter\View\View->CodeIgniter\View\{closure}()
 3 SYSTEMPATH\Common.php(1188): CodeIgniter\View\View->render('Login/login', [], true)
 4 APPPATH\Controllers\Home.php(54): view('Login/login')
 5 SYSTEMPATH\CodeIgniter.php(919): App\Controllers\Home->login()
 6 SYSTEMPATH\CodeIgniter.php(494): CodeIgniter\CodeIgniter->runController(Object(App\Controllers\Home))
 7 SYSTEMPATH\CodeIgniter.php(353): CodeIgniter\CodeIgniter->handleRequest(null, Object(Config\Cache), false)
 8 FCPATH\index.php(79): CodeIgniter\CodeIgniter->run()
CRITICAL - 2023-09-11 11:48:26 --> Class "HomeModel" not found
in APPPATH\Views\Login\login.php on line 10.
 1 SYSTEMPATH\View\View.php(226): include()
 2 SYSTEMPATH\View\View.php(229): CodeIgniter\View\View->CodeIgniter\View\{closure}()
 3 SYSTEMPATH\Common.php(1188): CodeIgniter\View\View->render('Login/login', [], true)
 4 APPPATH\Controllers\Home.php(54): view('Login/login')
 5 SYSTEMPATH\CodeIgniter.php(919): App\Controllers\Home->login()
 6 SYSTEMPATH\CodeIgniter.php(494): CodeIgniter\CodeIgniter->runController(Object(App\Controllers\Home))
 7 SYSTEMPATH\CodeIgniter.php(353): CodeIgniter\CodeIgniter->handleRequest(null, Object(Config\Cache), false)
 8 FCPATH\index.php(79): CodeIgniter\CodeIgniter->run()
CRITICAL - 2023-09-11 11:49:28 --> Class "HomeModel" not found
in APPPATH\Views\Login\login.php on line 12.
 1 SYSTEMPATH\View\View.php(226): include()
 2 SYSTEMPATH\View\View.php(229): CodeIgniter\View\View->CodeIgniter\View\{closure}()
 3 SYSTEMPATH\Common.php(1188): CodeIgniter\View\View->render('Login/login', [], true)
 4 APPPATH\Controllers\Home.php(54): view('Login/login')
 5 SYSTEMPATH\CodeIgniter.php(919): App\Controllers\Home->login()
 6 SYSTEMPATH\CodeIgniter.php(494): CodeIgniter\CodeIgniter->runController(Object(App\Controllers\Home))
 7 SYSTEMPATH\CodeIgniter.php(353): CodeIgniter\CodeIgniter->handleRequest(null, Object(Config\Cache), false)
 8 FCPATH\index.php(79): CodeIgniter\CodeIgniter->run()
CRITICAL - 2023-09-11 11:49:51 --> Call to undefined method App\Models\HomeModel::connexionDB()
in APPPATH\Views\Login\login.php on line 12.
 1 SYSTEMPATH\View\View.php(226): include()
 2 SYSTEMPATH\View\View.php(229): CodeIgniter\View\View->CodeIgniter\View\{closure}()
 3 SYSTEMPATH\Common.php(1188): CodeIgniter\View\View->render('Login/login', [], true)
 4 APPPATH\Controllers\Home.php(54): view('Login/login')
 5 SYSTEMPATH\CodeIgniter.php(919): App\Controllers\Home->login()
 6 SYSTEMPATH\CodeIgniter.php(494): CodeIgniter\CodeIgniter->runController(Object(App\Controllers\Home))
 7 SYSTEMPATH\CodeIgniter.php(353): CodeIgniter\CodeIgniter->handleRequest(null, Object(Config\Cache), false)
 8 FCPATH\index.php(79): CodeIgniter\CodeIgniter->run()
CRITICAL - 2023-09-11 11:50:18 --> Class "HomeModel" not found
in APPPATH\Views\Login\login.php on line 10.
 1 SYSTEMPATH\View\View.php(226): include()
 2 SYSTEMPATH\View\View.php(229): CodeIgniter\View\View->CodeIgniter\View\{closure}()
 3 SYSTEMPATH\Common.php(1188): CodeIgniter\View\View->render('Login/login', [], true)
 4 APPPATH\Controllers\Home.php(54): view('Login/login')
 5 SYSTEMPATH\CodeIgniter.php(919): App\Controllers\Home->login()
 6 SYSTEMPATH\CodeIgniter.php(494): CodeIgniter\CodeIgniter->runController(Object(App\Controllers\Home))
 7 SYSTEMPATH\CodeIgniter.php(353): CodeIgniter\CodeIgniter->handleRequest(null, Object(Config\Cache), false)
 8 FCPATH\index.php(79): CodeIgniter\CodeIgniter->run()
CRITICAL - 2023-09-11 11:51:10 --> Class "app\Models\HomeModel" not found
in APPPATH\Views\Login\login.php on line 11.
 1 SYSTEMPATH\View\View.php(226): include()
 2 SYSTEMPATH\View\View.php(229): CodeIgniter\View\View->CodeIgniter\View\{closure}()
 3 SYSTEMPATH\Common.php(1188): CodeIgniter\View\View->render('Login/login', [], true)
 4 APPPATH\Controllers\Home.php(54): view('Login/login')
 5 SYSTEMPATH\CodeIgniter.php(919): App\Controllers\Home->login()
 6 SYSTEMPATH\CodeIgniter.php(494): CodeIgniter\CodeIgniter->runController(Object(App\Controllers\Home))
 7 SYSTEMPATH\CodeIgniter.php(353): CodeIgniter\CodeIgniter->handleRequest(null, Object(Config\Cache), false)
 8 FCPATH\index.php(79): CodeIgniter\CodeIgniter->run()
CRITICAL - 2023-09-11 11:51:32 --> syntax error, unexpected token ".", expecting "," or ";"
in APPPATH\Views\Login\login.php on line 2.
 1 SYSTEMPATH\View\View.php(229): CodeIgniter\View\View->CodeIgniter\View\{closure}()
 2 SYSTEMPATH\Common.php(1188): CodeIgniter\View\View->render('Login/login', [], true)
 3 APPPATH\Controllers\Home.php(54): view('Login/login')
 4 SYSTEMPATH\CodeIgniter.php(919): App\Controllers\Home->login()
 5 SYSTEMPATH\CodeIgniter.php(494): CodeIgniter\CodeIgniter->runController(Object(App\Controllers\Home))
 6 SYSTEMPATH\CodeIgniter.php(353): CodeIgniter\CodeIgniter->handleRequest(null, Object(Config\Cache), false)
 7 FCPATH\index.php(79): CodeIgniter\CodeIgniter->run()
CRITICAL - 2023-09-11 11:51:37 --> Class "app\Models\HomeModel" not found
in APPPATH\Views\Login\login.php on line 11.
 1 SYSTEMPATH\View\View.php(226): include()
 2 SYSTEMPATH\View\View.php(229): CodeIgniter\View\View->CodeIgniter\View\{closure}()
 3 SYSTEMPATH\Common.php(1188): CodeIgniter\View\View->render('Login/login', [], true)
 4 APPPATH\Controllers\Home.php(54): view('Login/login')
 5 SYSTEMPATH\CodeIgniter.php(919): App\Controllers\Home->login()
 6 SYSTEMPATH\CodeIgniter.php(494): CodeIgniter\CodeIgniter->runController(Object(App\Controllers\Home))
 7 SYSTEMPATH\CodeIgniter.php(353): CodeIgniter\CodeIgniter->handleRequest(null, Object(Config\Cache), false)
 8 FCPATH\index.php(79): CodeIgniter\CodeIgniter->run()
CRITICAL - 2023-09-11 11:52:31 --> Call to undefined method App\Models\HomeModel::connexionDB()
in APPPATH\Views\Login\login.php on line 11.
 1 SYSTEMPATH\View\View.php(226): include()
 2 SYSTEMPATH\View\View.php(229): CodeIgniter\View\View->CodeIgniter\View\{closure}()
 3 SYSTEMPATH\Common.php(1188): CodeIgniter\View\View->render('Login/login', [], true)
 4 APPPATH\Controllers\Home.php(54): view('Login/login')
 5 SYSTEMPATH\CodeIgniter.php(919): App\Controllers\Home->login()
 6 SYSTEMPATH\CodeIgniter.php(494): CodeIgniter\CodeIgniter->runController(Object(App\Controllers\Home))
 7 SYSTEMPATH\CodeIgniter.php(353): CodeIgniter\CodeIgniter->handleRequest(null, Object(Config\Cache), false)
 8 FCPATH\index.php(79): CodeIgniter\CodeIgniter->run()
CRITICAL - 2023-09-11 11:55:51 --> Call to undefined method App\Models\HomeModel::connexionDB()
in APPPATH\Views\Login\login.php on line 11.
 1 SYSTEMPATH\View\View.php(226): include()
 2 SYSTEMPATH\View\View.php(229): CodeIgniter\View\View->CodeIgniter\View\{closure}()
 3 SYSTEMPATH\Common.php(1188): CodeIgniter\View\View->render('Login/login', [], true)
 4 APPPATH\Controllers\Home.php(54): view('Login/login')
 5 SYSTEMPATH\CodeIgniter.php(919): App\Controllers\Home->login()
 6 SYSTEMPATH\CodeIgniter.php(494): CodeIgniter\CodeIgniter->runController(Object(App\Controllers\Home))
 7 SYSTEMPATH\CodeIgniter.php(353): CodeIgniter\CodeIgniter->handleRequest(null, Object(Config\Cache), false)
 8 FCPATH\index.php(79): CodeIgniter\CodeIgniter->run()
CRITICAL - 2023-09-11 11:56:03 --> Call to undefined method App\Models\HomeModel::connexionDB()
in APPPATH\Views\Login\login.php on line 11.
 1 SYSTEMPATH\View\View.php(226): include()
 2 SYSTEMPATH\View\View.php(229): CodeIgniter\View\View->CodeIgniter\View\{closure}()
 3 SYSTEMPATH\Common.php(1188): CodeIgniter\View\View->render('Login/login', [], true)
 4 APPPATH\Controllers\Home.php(54): view('Login/login')
 5 SYSTEMPATH\CodeIgniter.php(919): App\Controllers\Home->login()
 6 SYSTEMPATH\CodeIgniter.php(494): CodeIgniter\CodeIgniter->runController(Object(App\Controllers\Home))
 7 SYSTEMPATH\CodeIgniter.php(353): CodeIgniter\CodeIgniter->handleRequest(null, Object(Config\Cache), false)
 8 FCPATH\index.php(79): CodeIgniter\CodeIgniter->run()
CRITICAL - 2023-09-11 11:56:18 --> Call to undefined method App\Models\HomeModel::connexionDB()
in APPPATH\Views\Login\login.php on line 11.
 1 SYSTEMPATH\View\View.php(226): include()
 2 SYSTEMPATH\View\View.php(229): CodeIgniter\View\View->CodeIgniter\View\{closure}()
 3 SYSTEMPATH\Common.php(1188): CodeIgniter\View\View->render('Login/login', [], true)
 4 APPPATH\Controllers\Home.php(54): view('Login/login')
 5 SYSTEMPATH\CodeIgniter.php(919): App\Controllers\Home->login()
 6 SYSTEMPATH\CodeIgniter.php(494): CodeIgniter\CodeIgniter->runController(Object(App\Controllers\Home))
 7 SYSTEMPATH\CodeIgniter.php(353): CodeIgniter\CodeIgniter->handleRequest(null, Object(Config\Cache), false)
 8 FCPATH\index.php(79): CodeIgniter\CodeIgniter->run()
CRITICAL - 2023-09-11 11:56:58 --> Class "HomeModel" not found
in APPPATH\Views\Login\login.php on line 10.
 1 SYSTEMPATH\View\View.php(226): include()
 2 SYSTEMPATH\View\View.php(229): CodeIgniter\View\View->CodeIgniter\View\{closure}()
 3 SYSTEMPATH\Common.php(1188): CodeIgniter\View\View->render('Login/login', [], true)
 4 APPPATH\Controllers\Home.php(54): view('Login/login')
 5 SYSTEMPATH\CodeIgniter.php(919): App\Controllers\Home->login()
 6 SYSTEMPATH\CodeIgniter.php(494): CodeIgniter\CodeIgniter->runController(Object(App\Controllers\Home))
 7 SYSTEMPATH\CodeIgniter.php(353): CodeIgniter\CodeIgniter->handleRequest(null, Object(Config\Cache), false)
 8 FCPATH\index.php(79): CodeIgniter\CodeIgniter->run()
CRITICAL - 2023-09-11 11:57:26 --> Class "HomeModel" not found
in APPPATH\Views\Login\login.php on line 10.
 1 SYSTEMPATH\View\View.php(226): include()
 2 SYSTEMPATH\View\View.php(229): CodeIgniter\View\View->CodeIgniter\View\{closure}()
 3 SYSTEMPATH\Common.php(1188): CodeIgniter\View\View->render('Login/login', [], true)
 4 APPPATH\Controllers\Home.php(54): view('Login/login')
 5 SYSTEMPATH\CodeIgniter.php(919): App\Controllers\Home->login()
 6 SYSTEMPATH\CodeIgniter.php(494): CodeIgniter\CodeIgniter->runController(Object(App\Controllers\Home))
 7 SYSTEMPATH\CodeIgniter.php(353): CodeIgniter\CodeIgniter->handleRequest(null, Object(Config\Cache), false)
 8 FCPATH\index.php(79): CodeIgniter\CodeIgniter->run()
CRITICAL - 2023-09-11 12:00:46 --> Call to undefined method App\Models\HomeModel::connexionDB
in SYSTEMPATH\Model.php on line 873.
 1 APPPATH\Controllers\Home.php(46): CodeIgniter\Model->__call('connexionDB', [])
 2 SYSTEMPATH\CodeIgniter.php(919): App\Controllers\Home->login()
 3 SYSTEMPATH\CodeIgniter.php(494): CodeIgniter\CodeIgniter->runController(Object(App\Controllers\Home))
 4 SYSTEMPATH\CodeIgniter.php(353): CodeIgniter\CodeIgniter->handleRequest(null, Object(Config\Cache), false)
 5 FCPATH\index.php(79): CodeIgniter\CodeIgniter->run()
CRITICAL - 2023-09-11 12:01:12 --> Call to undefined method App\Models\HomeModel::connexionDB
in SYSTEMPATH\Model.php on line 873.
 1 APPPATH\Controllers\Home.php(46): CodeIgniter\Model->__call('connexionDB', [])
 2 SYSTEMPATH\CodeIgniter.php(919): App\Controllers\Home->login()
 3 SYSTEMPATH\CodeIgniter.php(494): CodeIgniter\CodeIgniter->runController(Object(App\Controllers\Home))
 4 SYSTEMPATH\CodeIgniter.php(353): CodeIgniter\CodeIgniter->handleRequest(null, Object(Config\Cache), false)
 5 FCPATH\index.php(79): CodeIgniter\CodeIgniter->run()
CRITICAL - 2023-09-11 12:02:43 --> Class "HomeModel" not found
in APPPATH\Views\Login\login.php on line 10.
 1 SYSTEMPATH\View\View.php(226): include()
 2 SYSTEMPATH\View\View.php(229): CodeIgniter\View\View->CodeIgniter\View\{closure}()
 3 SYSTEMPATH\Common.php(1188): CodeIgniter\View\View->render('Login/login', [], true)
 4 APPPATH\Controllers\Home.php(54): view('Login/login')
 5 SYSTEMPATH\CodeIgniter.php(919): App\Controllers\Home->login()
 6 SYSTEMPATH\CodeIgniter.php(494): CodeIgniter\CodeIgniter->runController(Object(App\Controllers\Home))
 7 SYSTEMPATH\CodeIgniter.php(353): CodeIgniter\CodeIgniter->handleRequest(null, Object(Config\Cache), false)
 8 FCPATH\index.php(79): CodeIgniter\CodeIgniter->run()
CRITICAL - 2023-09-11 12:02:54 --> Non-static method App\Models\HomeModel::connexionDB() cannot be called statically
in APPPATH\Views\Login\login.php on line 12.
 1 SYSTEMPATH\View\View.php(226): include()
 2 SYSTEMPATH\View\View.php(229): CodeIgniter\View\View->CodeIgniter\View\{closure}()
 3 SYSTEMPATH\Common.php(1188): CodeIgniter\View\View->render('Login/login', [], true)
 4 APPPATH\Controllers\Home.php(54): view('Login/login')
 5 SYSTEMPATH\CodeIgniter.php(919): App\Controllers\Home->login()
 6 SYSTEMPATH\CodeIgniter.php(494): CodeIgniter\CodeIgniter->runController(Object(App\Controllers\Home))
 7 SYSTEMPATH\CodeIgniter.php(353): CodeIgniter\CodeIgniter->handleRequest(null, Object(Config\Cache), false)
 8 FCPATH\index.php(79): CodeIgniter\CodeIgniter->run()
CRITICAL - 2023-09-11 12:03:46 --> Class "App\Models\PDO" not found
in APPPATH\Models\HomeModel.php on line 25.
 1 APPPATH\Views\Login\login.php(12): App\Models\HomeModel::connexionDB()
 2 SYSTEMPATH\View\View.php(226): include('C:\\wamp64\\www\\gsb2sio\\app\\Views\\Login\\login.php')
 3 SYSTEMPATH\View\View.php(229): CodeIgniter\View\View->CodeIgniter\View\{closure}()
 4 SYSTEMPATH\Common.php(1188): CodeIgniter\View\View->render('Login/login', [], true)
 5 APPPATH\Controllers\Home.php(54): view('Login/login')
 6 SYSTEMPATH\CodeIgniter.php(919): App\Controllers\Home->login()
 7 SYSTEMPATH\CodeIgniter.php(494): CodeIgniter\CodeIgniter->runController(Object(App\Controllers\Home))
 8 SYSTEMPATH\CodeIgniter.php(353): CodeIgniter\CodeIgniter->handleRequest(null, Object(Config\Cache), false)
 9 FCPATH\index.php(79): CodeIgniter\CodeIgniter->run()
CRITICAL - 2023-09-11 12:06:02 --> Undefined constant "App\Controllers\HomeModel"
in APPPATH\Controllers\Home.php on line 54.
 1 SYSTEMPATH\CodeIgniter.php(919): App\Controllers\Home->login()
 2 SYSTEMPATH\CodeIgniter.php(494): CodeIgniter\CodeIgniter->runController(Object(App\Controllers\Home))
 3 SYSTEMPATH\CodeIgniter.php(353): CodeIgniter\CodeIgniter->handleRequest(null, Object(Config\Cache), false)
 4 FCPATH\index.php(79): CodeIgniter\CodeIgniter->run()
CRITICAL - 2023-09-11 12:06:21 --> Call to undefined method App\Models\HomeModel::ConnexionBDD()
in APPPATH\Controllers\Home.php on line 55.
 1 SYSTEMPATH\CodeIgniter.php(919): App\Controllers\Home->login()
 2 SYSTEMPATH\CodeIgniter.php(494): CodeIgniter\CodeIgniter->runController(Object(App\Controllers\Home))
 3 SYSTEMPATH\CodeIgniter.php(353): CodeIgniter\CodeIgniter->handleRequest(null, Object(Config\Cache), false)
 4 FCPATH\index.php(79): CodeIgniter\CodeIgniter->run()
CRITICAL - 2023-09-11 12:06:58 --> Class "App\Models\PDO" not found
in APPPATH\Models\HomeModel.php on line 25.
 1 APPPATH\Controllers\Home.php(55): App\Models\HomeModel::connexionBDD()
 2 SYSTEMPATH\CodeIgniter.php(919): App\Controllers\Home->login()
 3 SYSTEMPATH\CodeIgniter.php(494): CodeIgniter\CodeIgniter->runController(Object(App\Controllers\Home))
 4 SYSTEMPATH\CodeIgniter.php(353): CodeIgniter\CodeIgniter->handleRequest(null, Object(Config\Cache), false)
 5 FCPATH\index.php(79): CodeIgniter\CodeIgniter->run()
CRITICAL - 2023-09-11 12:09:34 --> Access to undeclared static property App\Models\HomeModel::$bddHost
in APPPATH\Models\HomeModel.php on line 26.
 1 APPPATH\Controllers\Home.php(55): App\Models\HomeModel::connexionBDD()
 2 SYSTEMPATH\CodeIgniter.php(919): App\Controllers\Home->login()
 3 SYSTEMPATH\CodeIgniter.php(494): CodeIgniter\CodeIgniter->runController(Object(App\Controllers\Home))
 4 SYSTEMPATH\CodeIgniter.php(353): CodeIgniter\CodeIgniter->handleRequest(null, Object(Config\Cache), false)
 5 FCPATH\index.php(79): CodeIgniter\CodeIgniter->run()
CRITICAL - 2023-09-11 12:10:17 --> Call to undefined method App\Models\HomeModel::connexionDB()
in APPPATH\Views\Login\login.php on line 12.
 1 SYSTEMPATH\View\View.php(226): include()
 2 SYSTEMPATH\View\View.php(229): CodeIgniter\View\View->CodeIgniter\View\{closure}()
 3 SYSTEMPATH\Common.php(1188): CodeIgniter\View\View->render('Login/login', [], true)
 4 APPPATH\Controllers\Home.php(58): view('Login/login', [...])
 5 SYSTEMPATH\CodeIgniter.php(919): App\Controllers\Home->login()
 6 SYSTEMPATH\CodeIgniter.php(494): CodeIgniter\CodeIgniter->runController(Object(App\Controllers\Home))
 7 SYSTEMPATH\CodeIgniter.php(353): CodeIgniter\CodeIgniter->handleRequest(null, Object(Config\Cache), false)
 8 FCPATH\index.php(79): CodeIgniter\CodeIgniter->run()
CRITICAL - 2023-09-11 12:11:57 --> Undefined variable $bdd
in APPPATH\Models\HomeModel.php on line 33.
 1 APPPATH\Models\HomeModel.php(33): CodeIgniter\Debug\Exceptions->errorHandler(2, 'Undefined variable $bdd', 'C:\\wamp64\\www\\gsb2sio\\app\\Models\\HomeModel.php', 33)
 2 APPPATH\Views\Login\login.php(10): App\Models\HomeModel::verifLogin('dandre')
 3 SYSTEMPATH\View\View.php(226): include('C:\\wamp64\\www\\gsb2sio\\app\\Views\\Login\\login.php')
 4 SYSTEMPATH\View\View.php(229): CodeIgniter\View\View->CodeIgniter\View\{closure}()
 5 SYSTEMPATH\Common.php(1188): CodeIgniter\View\View->render('Login/login', [], true)
 6 APPPATH\Controllers\Home.php(65): view('Login/login', [...])
 7 SYSTEMPATH\CodeIgniter.php(919): App\Controllers\Home->login()
 8 SYSTEMPATH\CodeIgniter.php(494): CodeIgniter\CodeIgniter->runController(Object(App\Controllers\Home))
 9 SYSTEMPATH\CodeIgniter.php(353): CodeIgniter\CodeIgniter->handleRequest(null, Object(Config\Cache), false)
10 FCPATH\index.php(79): CodeIgniter\CodeIgniter->run()
CRITICAL - 2023-09-11 12:13:15 --> Undefined variable $bdd
in APPPATH\Models\HomeModel.php on line 33.
 1 APPPATH\Models\HomeModel.php(33): CodeIgniter\Debug\Exceptions->errorHandler(2, 'Undefined variable $bdd', 'C:\\wamp64\\www\\gsb2sio\\app\\Models\\HomeModel.php', 33)
 2 APPPATH\Views\Login\login.php(11): App\Models\HomeModel::verifLogin('dandre')
 3 SYSTEMPATH\View\View.php(226): include('C:\\wamp64\\www\\gsb2sio\\app\\Views\\Login\\login.php')
 4 SYSTEMPATH\View\View.php(229): CodeIgniter\View\View->CodeIgniter\View\{closure}()
 5 SYSTEMPATH\Common.php(1188): CodeIgniter\View\View->render('Login/login', [], true)
 6 APPPATH\Controllers\Home.php(65): view('Login/login', [...])
 7 SYSTEMPATH\CodeIgniter.php(919): App\Controllers\Home->login()
 8 SYSTEMPATH\CodeIgniter.php(494): CodeIgniter\CodeIgniter->runController(Object(App\Controllers\Home))
 9 SYSTEMPATH\CodeIgniter.php(353): CodeIgniter\CodeIgniter->handleRequest(null, Object(Config\Cache), false)
10 FCPATH\index.php(79): CodeIgniter\CodeIgniter->run()
CRITICAL - 2023-09-11 12:13:34 --> Undefined variable $bdd
in APPPATH\Models\HomeModel.php on line 33.
 1 APPPATH\Models\HomeModel.php(33): CodeIgniter\Debug\Exceptions->errorHandler(2, 'Undefined variable $bdd', 'C:\\wamp64\\www\\gsb2sio\\app\\Models\\HomeModel.php', 33)
 2 APPPATH\Views\Login\login.php(10): App\Models\HomeModel::verifLogin('dandre')
 3 SYSTEMPATH\View\View.php(226): include('C:\\wamp64\\www\\gsb2sio\\app\\Views\\Login\\login.php')
 4 SYSTEMPATH\View\View.php(229): CodeIgniter\View\View->CodeIgniter\View\{closure}()
 5 SYSTEMPATH\Common.php(1188): CodeIgniter\View\View->render('Login/login', [], true)
 6 APPPATH\Controllers\Home.php(65): view('Login/login', [...])
 7 SYSTEMPATH\CodeIgniter.php(919): App\Controllers\Home->login()
 8 SYSTEMPATH\CodeIgniter.php(494): CodeIgniter\CodeIgniter->runController(Object(App\Controllers\Home))
 9 SYSTEMPATH\CodeIgniter.php(353): CodeIgniter\CodeIgniter->handleRequest(null, Object(Config\Cache), false)
10 FCPATH\index.php(79): CodeIgniter\CodeIgniter->run()
CRITICAL - 2023-09-11 12:14:15 --> Undefined constant "App\Models\this"
in APPPATH\Models\HomeModel.php on line 27.
 1 APPPATH\Controllers\Home.php(57): App\Models\HomeModel::connexionBDD()
 2 SYSTEMPATH\CodeIgniter.php(919): App\Controllers\Home->login()
 3 SYSTEMPATH\CodeIgniter.php(494): CodeIgniter\CodeIgniter->runController(Object(App\Controllers\Home))
 4 SYSTEMPATH\CodeIgniter.php(353): CodeIgniter\CodeIgniter->handleRequest(null, Object(Config\Cache), false)
 5 FCPATH\index.php(79): CodeIgniter\CodeIgniter->run()
CRITICAL - 2023-09-11 12:14:40 --> Undefined variable $bdd
in APPPATH\Models\HomeModel.php on line 34.
 1 APPPATH\Models\HomeModel.php(34): CodeIgniter\Debug\Exceptions->errorHandler(2, 'Undefined variable $bdd', 'C:\\wamp64\\www\\gsb2sio\\app\\Models\\HomeModel.php', 34)
 2 APPPATH\Views\Login\login.php(10): App\Models\HomeModel::verifLogin('dandre')
 3 SYSTEMPATH\View\View.php(226): include('C:\\wamp64\\www\\gsb2sio\\app\\Views\\Login\\login.php')
 4 SYSTEMPATH\View\View.php(229): CodeIgniter\View\View->CodeIgniter\View\{closure}()
 5 SYSTEMPATH\Common.php(1188): CodeIgniter\View\View->render('Login/login', [], true)
 6 APPPATH\Controllers\Home.php(65): view('Login/login', [...])
 7 SYSTEMPATH\CodeIgniter.php(919): App\Controllers\Home->login()
 8 SYSTEMPATH\CodeIgniter.php(494): CodeIgniter\CodeIgniter->runController(Object(App\Controllers\Home))
 9 SYSTEMPATH\CodeIgniter.php(353): CodeIgniter\CodeIgniter->handleRequest(null, Object(Config\Cache), false)
10 FCPATH\index.php(79): CodeIgniter\CodeIgniter->run()
CRITICAL - 2023-09-11 12:15:52 --> Access to undeclared static property App\Models\HomeModel::$bdd
in APPPATH\Models\HomeModel.php on line 27.
 1 APPPATH\Controllers\Home.php(57): App\Models\HomeModel::connexionBDD()
 2 SYSTEMPATH\CodeIgniter.php(919): App\Controllers\Home->login()
 3 SYSTEMPATH\CodeIgniter.php(494): CodeIgniter\CodeIgniter->runController(Object(App\Controllers\Home))
 4 SYSTEMPATH\CodeIgniter.php(353): CodeIgniter\CodeIgniter->handleRequest(null, Object(Config\Cache), false)
 5 FCPATH\index.php(79): CodeIgniter\CodeIgniter->run()
CRITICAL - 2023-09-11 12:16:16 --> Undefined variable $bdd
in APPPATH\Models\HomeModel.php on line 34.
 1 APPPATH\Models\HomeModel.php(34): CodeIgniter\Debug\Exceptions->errorHandler(2, 'Undefined variable $bdd', 'C:\\wamp64\\www\\gsb2sio\\app\\Models\\HomeModel.php', 34)
 2 APPPATH\Views\Login\login.php(10): App\Models\HomeModel::verifLogin('dandre')
 3 SYSTEMPATH\View\View.php(226): include('C:\\wamp64\\www\\gsb2sio\\app\\Views\\Login\\login.php')
 4 SYSTEMPATH\View\View.php(229): CodeIgniter\View\View->CodeIgniter\View\{closure}()
 5 SYSTEMPATH\Common.php(1188): CodeIgniter\View\View->render('Login/login', [], true)
 6 APPPATH\Controllers\Home.php(65): view('Login/login', [...])
 7 SYSTEMPATH\CodeIgniter.php(919): App\Controllers\Home->login()
 8 SYSTEMPATH\CodeIgniter.php(494): CodeIgniter\CodeIgniter->runController(Object(App\Controllers\Home))
 9 SYSTEMPATH\CodeIgniter.php(353): CodeIgniter\CodeIgniter->handleRequest(null, Object(Config\Cache), false)
10 FCPATH\index.php(79): CodeIgniter\CodeIgniter->run()
CRITICAL - 2023-09-11 12:16:34 --> Undefined variable $bdd
in APPPATH\Views\Login\login.php on line 13.
 1 APPPATH\Views\Login\login.php(13): CodeIgniter\Debug\Exceptions->errorHandler(2, 'Undefined variable $bdd', 'C:\\wamp64\\www\\gsb2sio\\app\\Views\\Login\\login.php', 13)
 2 SYSTEMPATH\View\View.php(226): include('C:\\wamp64\\www\\gsb2sio\\app\\Views\\Login\\login.php')
 3 SYSTEMPATH\View\View.php(229): CodeIgniter\View\View->CodeIgniter\View\{closure}()
 4 SYSTEMPATH\Common.php(1188): CodeIgniter\View\View->render('Login/login', [], true)
 5 APPPATH\Controllers\Home.php(65): view('Login/login', [...])
 6 SYSTEMPATH\CodeIgniter.php(919): App\Controllers\Home->login()
 7 SYSTEMPATH\CodeIgniter.php(494): CodeIgniter\CodeIgniter->runController(Object(App\Controllers\Home))
 8 SYSTEMPATH\CodeIgniter.php(353): CodeIgniter\CodeIgniter->handleRequest(null, Object(Config\Cache), false)
 9 FCPATH\index.php(79): CodeIgniter\CodeIgniter->run()
CRITICAL - 2023-09-11 12:23:55 --> Undefined variable $bdd
in APPPATH\Views\Login\login.php on line 13.
 1 APPPATH\Views\Login\login.php(13): CodeIgniter\Debug\Exceptions->errorHandler(2, 'Undefined variable $bdd', 'C:\\wamp64\\www\\gsb2sio\\app\\Views\\Login\\login.php', 13)
 2 SYSTEMPATH\View\View.php(226): include('C:\\wamp64\\www\\gsb2sio\\app\\Views\\Login\\login.php')
 3 SYSTEMPATH\View\View.php(229): CodeIgniter\View\View->CodeIgniter\View\{closure}()
 4 SYSTEMPATH\Common.php(1188): CodeIgniter\View\View->render('Login/login', [], true)
 5 APPPATH\Controllers\Home.php(71): view('Login/login', [...])
 6 SYSTEMPATH\CodeIgniter.php(919): App\Controllers\Home->login()
 7 SYSTEMPATH\CodeIgniter.php(494): CodeIgniter\CodeIgniter->runController(Object(App\Controllers\Home))
 8 SYSTEMPATH\CodeIgniter.php(353): CodeIgniter\CodeIgniter->handleRequest(null, Object(Config\Cache), false)
 9 FCPATH\index.php(79): CodeIgniter\CodeIgniter->run()
CRITICAL - 2023-09-11 12:24:16 --> Undefined variable $bdd
in APPPATH\Views\Login\login.php on line 11.
 1 APPPATH\Views\Login\login.php(11): CodeIgniter\Debug\Exceptions->errorHandler(2, 'Undefined variable $bdd', 'C:\\wamp64\\www\\gsb2sio\\app\\Views\\Login\\login.php', 11)
 2 SYSTEMPATH\View\View.php(226): include('C:\\wamp64\\www\\gsb2sio\\app\\Views\\Login\\login.php')
 3 SYSTEMPATH\View\View.php(229): CodeIgniter\View\View->CodeIgniter\View\{closure}()
 4 SYSTEMPATH\Common.php(1188): CodeIgniter\View\View->render('Login/login', [], true)
 5 APPPATH\Controllers\Home.php(71): view('Login/login', [...])
 6 SYSTEMPATH\CodeIgniter.php(919): App\Controllers\Home->login()
 7 SYSTEMPATH\CodeIgniter.php(494): CodeIgniter\CodeIgniter->runController(Object(App\Controllers\Home))
 8 SYSTEMPATH\CodeIgniter.php(353): CodeIgniter\CodeIgniter->handleRequest(null, Object(Config\Cache), false)
 9 FCPATH\index.php(79): CodeIgniter\CodeIgniter->run()
CRITICAL - 2023-09-11 12:28:04 --> Undefined variable $login_valide
in APPPATH\Views\Login\login.php on line 14.
 1 APPPATH\Views\Login\login.php(14): CodeIgniter\Debug\Exceptions->errorHandler(2, 'Undefined variable $login_valide', 'C:\\wamp64\\www\\gsb2sio\\app\\Views\\Login\\login.php', 14)
 2 SYSTEMPATH\View\View.php(226): include('C:\\wamp64\\www\\gsb2sio\\app\\Views\\Login\\login.php')
 3 SYSTEMPATH\View\View.php(229): CodeIgniter\View\View->CodeIgniter\View\{closure}()
 4 SYSTEMPATH\Common.php(1188): CodeIgniter\View\View->render('Login/login', [], true)
 5 APPPATH\Controllers\Home.php(74): view('Login/login', [...])
 6 SYSTEMPATH\CodeIgniter.php(919): App\Controllers\Home->login()
 7 SYSTEMPATH\CodeIgniter.php(494): CodeIgniter\CodeIgniter->runController(Object(App\Controllers\Home))
 8 SYSTEMPATH\CodeIgniter.php(353): CodeIgniter\CodeIgniter->handleRequest(null, Object(Config\Cache), false)
 9 FCPATH\index.php(79): CodeIgniter\CodeIgniter->run()
CRITICAL - 2023-09-11 12:31:42 --> Undefined constant "App\Controllers\login_valide"
in APPPATH\Controllers\Home.php on line 67.
 1 SYSTEMPATH\CodeIgniter.php(919): App\Controllers\Home->login()
 2 SYSTEMPATH\CodeIgniter.php(494): CodeIgniter\CodeIgniter->runController(Object(App\Controllers\Home))
 3 SYSTEMPATH\CodeIgniter.php(353): CodeIgniter\CodeIgniter->handleRequest(null, Object(Config\Cache), false)
 4 FCPATH\index.php(79): CodeIgniter\CodeIgniter->run()
CRITICAL - 2023-09-11 12:32:43 --> Undefined variable $bdd
in APPPATH\Views\Login\login.php on line 20.
 1 APPPATH\Views\Login\login.php(20): CodeIgniter\Debug\Exceptions->errorHandler(2, 'Undefined variable $bdd', 'C:\\wamp64\\www\\gsb2sio\\app\\Views\\Login\\login.php', 20)
 2 SYSTEMPATH\View\View.php(226): include('C:\\wamp64\\www\\gsb2sio\\app\\Views\\Login\\login.php')
 3 SYSTEMPATH\View\View.php(229): CodeIgniter\View\View->CodeIgniter\View\{closure}()
 4 SYSTEMPATH\Common.php(1188): CodeIgniter\View\View->render('Login/login', [], true)
 5 APPPATH\Controllers\Home.php(71): view('Login/login', [...])
 6 SYSTEMPATH\CodeIgniter.php(919): App\Controllers\Home->login()
 7 SYSTEMPATH\CodeIgniter.php(494): CodeIgniter\CodeIgniter->runController(Object(App\Controllers\Home))
 8 SYSTEMPATH\CodeIgniter.php(353): CodeIgniter\CodeIgniter->handleRequest(null, Object(Config\Cache), false)
 9 FCPATH\index.php(79): CodeIgniter\CodeIgniter->run()
CRITICAL - 2023-09-11 12:53:13 --> Undefined variable $mdp_valide
in APPPATH\Views\Login\login.php on line 11.
 1 APPPATH\Views\Login\login.php(11): CodeIgniter\Debug\Exceptions->errorHandler(2, 'Undefined variable $mdp_valide', 'C:\\wamp64\\www\\gsb2sio\\app\\Views\\Login\\login.php', 11)
 2 SYSTEMPATH\View\View.php(226): include('C:\\wamp64\\www\\gsb2sio\\app\\Views\\Login\\login.php')
 3 SYSTEMPATH\View\View.php(229): CodeIgniter\View\View->CodeIgniter\View\{closure}()
 4 SYSTEMPATH\Common.php(1188): CodeIgniter\View\View->render('Login/login', [], true)
 5 APPPATH\Controllers\Home.php(33): view('Login/login', [...])
 6 SYSTEMPATH\CodeIgniter.php(919): App\Controllers\Home->login()
 7 SYSTEMPATH\CodeIgniter.php(494): CodeIgniter\CodeIgniter->runController(Object(App\Controllers\Home))
 8 SYSTEMPATH\CodeIgniter.php(353): CodeIgniter\CodeIgniter->handleRequest(null, Object(Config\Cache), false)
 9 FCPATH\index.php(79): CodeIgniter\CodeIgniter->run()
CRITICAL - 2023-09-11 12:54:30 --> Cannot access protected property App\Models\HomeModel::$currentLogin
in APPPATH\Controllers\Home.php on line 47.
 1 SYSTEMPATH\CodeIgniter.php(919): App\Controllers\Home->note()
 2 SYSTEMPATH\CodeIgniter.php(494): CodeIgniter\CodeIgniter->runController(Object(App\Controllers\Home))
 3 SYSTEMPATH\CodeIgniter.php(353): CodeIgniter\CodeIgniter->handleRequest(null, Object(Config\Cache), false)
 4 FCPATH\index.php(79): CodeIgniter\CodeIgniter->run()
CRITICAL - 2023-09-11 12:55:37 --> Undefined array key "mois"
in APPPATH\Controllers\Home.php on line 48.
 1 APPPATH\Controllers\Home.php(48): CodeIgniter\Debug\Exceptions->errorHandler(2, 'Undefined array key "mois"', 'C:\\wamp64\\www\\gsb2sio\\app\\Controllers\\Home.php', 48)
 2 SYSTEMPATH\CodeIgniter.php(919): App\Controllers\Home->note()
 3 SYSTEMPATH\CodeIgniter.php(494): CodeIgniter\CodeIgniter->runController(Object(App\Controllers\Home))
 4 SYSTEMPATH\CodeIgniter.php(353): CodeIgniter\CodeIgniter->handleRequest(null, Object(Config\Cache), false)
 5 FCPATH\index.php(79): CodeIgniter\CodeIgniter->run()
CRITICAL - 2023-09-11 12:55:59 --> Undefined variable $login
in APPPATH\Views\Note\note.php on line 6.
 1 APPPATH\Views\Note\note.php(6): CodeIgniter\Debug\Exceptions->errorHandler(2, 'Undefined variable $login', 'C:\\wamp64\\www\\gsb2sio\\app\\Views\\Note\\note.php', 6)
 2 SYSTEMPATH\View\View.php(226): include('C:\\wamp64\\www\\gsb2sio\\app\\Views\\Note\\note.php')
 3 SYSTEMPATH\View\View.php(229): CodeIgniter\View\View->CodeIgniter\View\{closure}()
 4 SYSTEMPATH\Common.php(1188): CodeIgniter\View\View->render('Note/note', [], true)
 5 APPPATH\Controllers\Home.php(50): view('Note/note')
 6 SYSTEMPATH\CodeIgniter.php(919): App\Controllers\Home->note()
 7 SYSTEMPATH\CodeIgniter.php(494): CodeIgniter\CodeIgniter->runController(Object(App\Controllers\Home))
 8 SYSTEMPATH\CodeIgniter.php(353): CodeIgniter\CodeIgniter->handleRequest(null, Object(Config\Cache), false)
 9 FCPATH\index.php(79): CodeIgniter\CodeIgniter->run()
CRITICAL - 2023-09-11 12:56:46 --> Undefined variable $login
in APPPATH\Views\Note\note.php on line 6.
 1 APPPATH\Views\Note\note.php(6): CodeIgniter\Debug\Exceptions->errorHandler(2, 'Undefined variable $login', 'C:\\wamp64\\www\\gsb2sio\\app\\Views\\Note\\note.php', 6)
 2 SYSTEMPATH\View\View.php(226): include('C:\\wamp64\\www\\gsb2sio\\app\\Views\\Note\\note.php')
 3 SYSTEMPATH\View\View.php(229): CodeIgniter\View\View->CodeIgniter\View\{closure}()
 4 SYSTEMPATH\Common.php(1188): CodeIgniter\View\View->render('Note/note', [], true)
 5 APPPATH\Controllers\Home.php(50): view('Note/note')
 6 SYSTEMPATH\CodeIgniter.php(919): App\Controllers\Home->note()
 7 SYSTEMPATH\CodeIgniter.php(494): CodeIgniter\CodeIgniter->runController(Object(App\Controllers\Home))
 8 SYSTEMPATH\CodeIgniter.php(353): CodeIgniter\CodeIgniter->handleRequest(null, Object(Config\Cache), false)
 9 FCPATH\index.php(79): CodeIgniter\CodeIgniter->run()
CRITICAL - 2023-09-11 12:57:51 --> Invalid file: "Note/note, $data.php"
in SYSTEMPATH\Exceptions\FrameworkException.php on line 39.
 1 SYSTEMPATH\View\View.php(214): CodeIgniter\Exceptions\FrameworkException::forInvalidFile('Note/note, $data.php')
 2 SYSTEMPATH\Common.php(1188): CodeIgniter\View\View->render('Note/note, $data', [], true)
 3 APPPATH\Controllers\Home.php(50): view('Note/note, $data')
 4 SYSTEMPATH\CodeIgniter.php(919): App\Controllers\Home->note()
 5 SYSTEMPATH\CodeIgniter.php(494): CodeIgniter\CodeIgniter->runController(Object(App\Controllers\Home))
 6 SYSTEMPATH\CodeIgniter.php(353): CodeIgniter\CodeIgniter->handleRequest(null, Object(Config\Cache), false)
 7 FCPATH\index.php(79): CodeIgniter\CodeIgniter->run()
CRITICAL - 2023-09-11 13:11:31 --> Undefined variable $_SESSION
in APPPATH\Controllers\Home.php on line 55.
 1 APPPATH\Controllers\Home.php(55): CodeIgniter\Debug\Exceptions->errorHandler(2, 'Undefined variable $_SESSION', 'C:\\wamp64\\www\\gsb2sio\\app\\Controllers\\Home.php', 55)
 2 SYSTEMPATH\CodeIgniter.php(919): App\Controllers\Home->note()
 3 SYSTEMPATH\CodeIgniter.php(494): CodeIgniter\CodeIgniter->runController(Object(App\Controllers\Home))
 4 SYSTEMPATH\CodeIgniter.php(353): CodeIgniter\CodeIgniter->handleRequest(null, Object(Config\Cache), false)
 5 FCPATH\index.php(79): CodeIgniter\CodeIgniter->run()
CRITICAL - 2023-09-11 13:14:07 --> Undefined array key "login"
in APPPATH\Controllers\Home.php on line 56.
 1 APPPATH\Controllers\Home.php(56): CodeIgniter\Debug\Exceptions->errorHandler(2, 'Undefined array key "login"', 'C:\\wamp64\\www\\gsb2sio\\app\\Controllers\\Home.php', 56)
 2 SYSTEMPATH\CodeIgniter.php(919): App\Controllers\Home->note()
 3 SYSTEMPATH\CodeIgniter.php(494): CodeIgniter\CodeIgniter->runController(Object(App\Controllers\Home))
 4 SYSTEMPATH\CodeIgniter.php(353): CodeIgniter\CodeIgniter->handleRequest(null, Object(Config\Cache), false)
 5 FCPATH\index.php(79): CodeIgniter\CodeIgniter->run()
CRITICAL - 2023-09-11 13:15:17 --> Undefined variable $bdd
in APPPATH\Models\HomeModel.php on line 80.
 1 APPPATH\Models\HomeModel.php(80): CodeIgniter\Debug\Exceptions->errorHandler(2, 'Undefined variable $bdd', 'C:\\wamp64\\www\\gsb2sio\\app\\Models\\HomeModel.php', 80)
 2 APPPATH\Controllers\Home.php(61): App\Models\HomeModel::getFicheFrais('9')
 3 SYSTEMPATH\CodeIgniter.php(919): App\Controllers\Home->note()
 4 SYSTEMPATH\CodeIgniter.php(494): CodeIgniter\CodeIgniter->runController(Object(App\Controllers\Home))
 5 SYSTEMPATH\CodeIgniter.php(353): CodeIgniter\CodeIgniter->handleRequest(null, Object(Config\Cache), false)
 6 FCPATH\index.php(79): CodeIgniter\CodeIgniter->run()
CRITICAL - 2023-09-11 13:15:40 --> session_start(): Ignoring session_start() because a session is already active
in APPPATH\Views\Note\note.php on line 4.
 1 [internal function]: CodeIgniter\Debug\Exceptions->errorHandler(8, 'session_start(): Ignoring session_start() because a session is already active', 'C:\\wamp64\\www\\gsb2sio\\app\\Views\\Note\\note.php', 4)
 2 APPPATH\Views\Note\note.php(4): session_start()
 3 SYSTEMPATH\View\View.php(226): include('C:\\wamp64\\www\\gsb2sio\\app\\Views\\Note\\note.php')
 4 SYSTEMPATH\View\View.php(229): CodeIgniter\View\View->CodeIgniter\View\{closure}()
 5 SYSTEMPATH\Common.php(1188): CodeIgniter\View\View->render('Note/note', [], true)
 6 APPPATH\Controllers\Home.php(63): view('Note/note', [...])
 7 SYSTEMPATH\CodeIgniter.php(919): App\Controllers\Home->note()
 8 SYSTEMPATH\CodeIgniter.php(494): CodeIgniter\CodeIgniter->runController(Object(App\Controllers\Home))
 9 SYSTEMPATH\CodeIgniter.php(353): CodeIgniter\CodeIgniter->handleRequest(null, Object(Config\Cache), false)
10 FCPATH\index.php(79): CodeIgniter\CodeIgniter->run()
CRITICAL - 2023-09-11 13:16:08 --> Undefined variable $donnees
in APPPATH\Views\Note\note.php on line 51.
 1 APPPATH\Views\Note\note.php(51): CodeIgniter\Debug\Exceptions->errorHandler(2, 'Undefined variable $donnees', 'C:\\wamp64\\www\\gsb2sio\\app\\Views\\Note\\note.php', 51)
 2 SYSTEMPATH\View\View.php(226): include('C:\\wamp64\\www\\gsb2sio\\app\\Views\\Note\\note.php')
 3 SYSTEMPATH\View\View.php(229): CodeIgniter\View\View->CodeIgniter\View\{closure}()
 4 SYSTEMPATH\Common.php(1188): CodeIgniter\View\View->render('Note/note', [], true)
 5 APPPATH\Controllers\Home.php(63): view('Note/note', [...])
 6 SYSTEMPATH\CodeIgniter.php(919): App\Controllers\Home->note()
 7 SYSTEMPATH\CodeIgniter.php(494): CodeIgniter\CodeIgniter->runController(Object(App\Controllers\Home))
 8 SYSTEMPATH\CodeIgniter.php(353): CodeIgniter\CodeIgniter->handleRequest(null, Object(Config\Cache), false)
 9 FCPATH\index.php(79): CodeIgniter\CodeIgniter->run()
CRITICAL - 2023-09-11 13:16:42 --> Undefined variable $_SESSION
in APPPATH\Controllers\Home.php on line 55.
 1 APPPATH\Controllers\Home.php(55): CodeIgniter\Debug\Exceptions->errorHandler(2, 'Undefined variable $_SESSION', 'C:\\wamp64\\www\\gsb2sio\\app\\Controllers\\Home.php', 55)
 2 SYSTEMPATH\CodeIgniter.php(919): App\Controllers\Home->note()
 3 SYSTEMPATH\CodeIgniter.php(494): CodeIgniter\CodeIgniter->runController(Object(App\Controllers\Home))
 4 SYSTEMPATH\CodeIgniter.php(353): CodeIgniter\CodeIgniter->handleRequest(null, Object(Config\Cache), false)
 5 FCPATH\index.php(79): CodeIgniter\CodeIgniter->run()
CRITICAL - 2023-09-11 13:19:47 --> Undefined variable $login
in APPPATH\Controllers\Home.php on line 56.
 1 APPPATH\Controllers\Home.php(56): CodeIgniter\Debug\Exceptions->errorHandler(2, 'Undefined variable $login', 'C:\\wamp64\\www\\gsb2sio\\app\\Controllers\\Home.php', 56)
 2 SYSTEMPATH\CodeIgniter.php(919): App\Controllers\Home->note()
 3 SYSTEMPATH\CodeIgniter.php(494): CodeIgniter\CodeIgniter->runController(Object(App\Controllers\Home))
 4 SYSTEMPATH\CodeIgniter.php(353): CodeIgniter\CodeIgniter->handleRequest(null, Object(Config\Cache), false)
 5 FCPATH\index.php(79): CodeIgniter\CodeIgniter->run()
CRITICAL - 2023-09-11 13:24:13 --> Undefined variable $_SESSION
in APPPATH\Views\Selection\selection.php on line 22.
 1 APPPATH\Views\Selection\selection.php(22): CodeIgniter\Debug\Exceptions->errorHandler(2, 'Undefined variable $_SESSION', 'C:\\wamp64\\www\\gsb2sio\\app\\Views\\Selection\\selection.php', 22)
 2 SYSTEMPATH\View\View.php(226): include('C:\\wamp64\\www\\gsb2sio\\app\\Views\\Selection\\selection.php')
 3 SYSTEMPATH\View\View.php(229): CodeIgniter\View\View->CodeIgniter\View\{closure}()
 4 SYSTEMPATH\Common.php(1188): CodeIgniter\View\View->render('Selection/selection', [], true)
 5 APPPATH\Controllers\Home.php(39): view('Selection/selection')
 6 SYSTEMPATH\CodeIgniter.php(919): App\Controllers\Home->selectionMois()
 7 SYSTEMPATH\CodeIgniter.php(494): CodeIgniter\CodeIgniter->runController(Object(App\Controllers\Home))
 8 SYSTEMPATH\CodeIgniter.php(353): CodeIgniter\CodeIgniter->handleRequest(null, Object(Config\Cache), false)
 9 FCPATH\index.php(79): CodeIgniter\CodeIgniter->run()
CRITICAL - 2023-09-11 13:43:08 --> Undefined variable $login
in APPPATH\Controllers\Home.php on line 57.
 1 APPPATH\Controllers\Home.php(57): CodeIgniter\Debug\Exceptions->errorHandler(2, 'Undefined variable $login', 'C:\\wamp64\\www\\gsb2sio\\app\\Controllers\\Home.php', 57)
 2 SYSTEMPATH\CodeIgniter.php(919): App\Controllers\Home->note()
 3 SYSTEMPATH\CodeIgniter.php(494): CodeIgniter\CodeIgniter->runController(Object(App\Controllers\Home))
 4 SYSTEMPATH\CodeIgniter.php(353): CodeIgniter\CodeIgniter->handleRequest(null, Object(Config\Cache), false)
 5 FCPATH\index.php(79): CodeIgniter\CodeIgniter->run()
CRITICAL - 2023-09-11 13:44:12 --> Undefined variable $reponse
in APPPATH\Views\Note\note.php on line 52.
 1 APPPATH\Views\Note\note.php(52): CodeIgniter\Debug\Exceptions->errorHandler(2, 'Undefined variable $reponse', 'C:\\wamp64\\www\\gsb2sio\\app\\Views\\Note\\note.php', 52)
 2 SYSTEMPATH\View\View.php(226): include('C:\\wamp64\\www\\gsb2sio\\app\\Views\\Note\\note.php')
 3 SYSTEMPATH\View\View.php(229): CodeIgniter\View\View->CodeIgniter\View\{closure}()
 4 SYSTEMPATH\Common.php(1188): CodeIgniter\View\View->render('Note/note', [], true)
 5 APPPATH\Controllers\Home.php(63): view('Note/note', [...])
 6 SYSTEMPATH\CodeIgniter.php(919): App\Controllers\Home->note()
 7 SYSTEMPATH\CodeIgniter.php(494): CodeIgniter\CodeIgniter->runController(Object(App\Controllers\Home))
 8 SYSTEMPATH\CodeIgniter.php(353): CodeIgniter\CodeIgniter->handleRequest(null, Object(Config\Cache), false)
 9 FCPATH\index.php(79): CodeIgniter\CodeIgniter->run()
CRITICAL - 2023-09-11 13:46:08 --> Undefined variable $reponse
in APPPATH\Views\Note\note.php on line 52.
 1 APPPATH\Views\Note\note.php(52): CodeIgniter\Debug\Exceptions->errorHandler(2, 'Undefined variable $reponse', 'C:\\wamp64\\www\\gsb2sio\\app\\Views\\Note\\note.php', 52)
 2 SYSTEMPATH\View\View.php(226): include('C:\\wamp64\\www\\gsb2sio\\app\\Views\\Note\\note.php')
 3 SYSTEMPATH\View\View.php(229): CodeIgniter\View\View->CodeIgniter\View\{closure}()
 4 SYSTEMPATH\Common.php(1188): CodeIgniter\View\View->render('Note/note', [], true)
 5 APPPATH\Controllers\Home.php(63): view('Note/note', [...])
 6 SYSTEMPATH\CodeIgniter.php(919): App\Controllers\Home->note()
 7 SYSTEMPATH\CodeIgniter.php(494): CodeIgniter\CodeIgniter->runController(Object(App\Controllers\Home))
 8 SYSTEMPATH\CodeIgniter.php(353): CodeIgniter\CodeIgniter->handleRequest(null, Object(Config\Cache), false)
 9 FCPATH\index.php(79): CodeIgniter\CodeIgniter->run()
CRITICAL - 2023-09-11 13:50:40 --> Undefined variable $donnees
in APPPATH\Models\HomeModel.php on line 87.
 1 APPPATH\Models\HomeModel.php(87): CodeIgniter\Debug\Exceptions->errorHandler(2, 'Undefined variable $donnees', 'C:\\wamp64\\www\\gsb2sio\\app\\Models\\HomeModel.php', 87)
 2 APPPATH\Controllers\Home.php(62): App\Models\HomeModel::getFicheFrais('9')
 3 SYSTEMPATH\CodeIgniter.php(919): App\Controllers\Home->note()
 4 SYSTEMPATH\CodeIgniter.php(494): CodeIgniter\CodeIgniter->runController(Object(App\Controllers\Home))
 5 SYSTEMPATH\CodeIgniter.php(353): CodeIgniter\CodeIgniter->handleRequest(null, Object(Config\Cache), false)
 6 FCPATH\index.php(79): CodeIgniter\CodeIgniter->run()
